INFO  03:59:30  06:11:2020 Application started. Press Ctrl+C to shut down.
INFO  03:59:30  06:11:2020 Application started. Press Ctrl+C to shut down.
INFO  03:59:30  06:11:2020 Hosting environment: Development
INFO  03:59:30  06:11:2020 Hosting environment: Development
INFO  03:59:30  06:11:2020 Content root path: C:\Users\Kanika\source\repos\DailyMutualFundNAVMicroservice
INFO  03:59:30  06:11:2020 Content root path: C:\Users\Kanika\source\repos\DailyMutualFundNAVMicroservice
INFO  03:59:42  06:11:2020 MutualFundController HttpGet GetMutualFundDetailsByName and Tata Equity PE Fund is searched
INFO  03:59:42  06:11:2020 MutualFundNAVController MutualFund Found
INFO  04:01:51  06:11:2020 MutualFundController HttpGet GetMutualFundDetailsByName and ABC is searched
INFO  04:01:51  06:11:2020 MutualFundNAVController Invalid MutualFund Name 
INFO  04:01:57  06:11:2020 MutualFundController HttpGet GetMutualFundDetailsByName and Tata Equity PE Fund is searched
INFO  04:01:57  06:11:2020 MutualFundNAVController MutualFund Found
INFO  04:20:48  06:11:2020 Application started. Press Ctrl+C to shut down.
INFO  04:20:48  06:11:2020 Application started. Press Ctrl+C to shut down.
INFO  04:20:48  06:11:2020 Hosting environment: Development
INFO  04:20:48  06:11:2020 Hosting environment: Development
INFO  04:20:48  06:11:2020 Content root path: C:\Users\Kanika\source\repos\DailyMutualFundNAVMicroservice
INFO  04:20:48  06:11:2020 Content root path: C:\Users\Kanika\source\repos\DailyMutualFundNAVMicroservice
INFO  04:21:34  06:11:2020 MutualFundController HttpGet GetMutualFundDetailsByName and Tata Equity PE Fund is searched
INFO  04:21:34  06:11:2020 MutualFundNAVController MutualFund Found
INFO  09:11:44  07:11:2020 Application started. Press Ctrl+C to shut down.
INFO  09:11:44  07:11:2020 Application started. Press Ctrl+C to shut down.
INFO  09:11:44  07:11:2020 Hosting environment: Development
INFO  09:11:44  07:11:2020 Hosting environment: Development
INFO  09:11:44  07:11:2020 Content root path: C:\Users\Kanika\source\repos\DailyMutualFundNAVMicroservice
INFO  09:11:44  07:11:2020 Content root path: C:\Users\Kanika\source\repos\DailyMutualFundNAVMicroservice
INFO  09:12:48  07:11:2020 MutualFundController HttpGet GetMutualFundDetailsByName and udaan is searched
INFO  09:12:48  07:11:2020 MutualFundNAVController Invalid MutualFund Name 
INFO  09:12:57  07:11:2020 MutualFundController HttpGet GetMutualFundDetailsByName and Udaan is searched
INFO  09:12:57  07:11:2020 MutualFundNAVController Invalid MutualFund Name 
INFO  09:13:01  07:11:2020 MutualFundController HttpGet GetMutualFundDetailsByName and Udaan is searched
INFO  09:13:01  07:11:2020 MutualFundNAVController Invalid MutualFund Name 
INFO  09:13:08  07:11:2020 MutualFundController HttpGet GetMutualFundDetailsByName and axis liquid fund is searched
INFO  09:13:08  07:11:2020 MutualFundNAVController Invalid MutualFund Name 
INFO  09:13:20  07:11:2020 MutualFundController HttpGet GetMutualFundDetailsByName and Axis Liquid Fund is searched
INFO  09:13:20  07:11:2020 MutualFundNAVController MutualFund Found
INFO  09:15:11  07:11:2020 Application started. Press Ctrl+C to shut down.
INFO  09:15:11  07:11:2020 Application started. Press Ctrl+C to shut down.
INFO  09:15:11  07:11:2020 Hosting environment: Development
INFO  09:15:11  07:11:2020 Hosting environment: Development
INFO  09:15:11  07:11:2020 Content root path: C:\Users\Kanika\source\repos\DailyMutualFundNAVMicroservice
INFO  09:15:11  07:11:2020 Content root path: C:\Users\Kanika\source\repos\DailyMutualFundNAVMicroservice
INFO  09:15:14  07:11:2020 MutualFundController HttpGet GetMutualFundDetailsByName and Axis Liquid Fund is searched
INFO  09:15:14  07:11:2020 MutualFundNAVController MutualFund Found
INFO  09:15:28  07:11:2020 MutualFundController HttpGet GetMutualFundDetailsByName and tata equity pe fund is searched
INFO  09:15:28  07:11:2020 MutualFundNAVController Invalid MutualFund Name 
INFO  09:16:19  07:11:2020 Application started. Press Ctrl+C to shut down.
INFO  09:16:19  07:11:2020 Application started. Press Ctrl+C to shut down.
INFO  09:16:19  07:11:2020 Hosting environment: Development
INFO  09:16:19  07:11:2020 Hosting environment: Development
INFO  09:16:19  07:11:2020 Content root path: C:\Users\Kanika\source\repos\DailyMutualFundNAVMicroservice
INFO  09:16:19  07:11:2020 Content root path: C:\Users\Kanika\source\repos\DailyMutualFundNAVMicroservice
INFO  09:16:29  07:11:2020 MutualFundController HttpGet GetMutualFundDetailsByName and Axis Liquid Fund is searched
INFO  09:16:29  07:11:2020 MutualFundNAVController Invalid MutualFund Name 
INFO  09:16:39  07:11:2020 MutualFundController HttpGet GetMutualFundDetailsByName and tata equity pe fund is searched
INFO  09:16:39  07:11:2020 MutualFundNAVController MutualFund Found
INFO  10:03:46  07:11:2020 Application started. Press Ctrl+C to shut down.
INFO  10:03:47  07:11:2020 Application started. Press Ctrl+C to shut down.
INFO  10:03:47  07:11:2020 Hosting environment: Development
INFO  10:03:47  07:11:2020 Hosting environment: Development
INFO  10:03:47  07:11:2020 Content root path: C:\Users\Kanika\source\repos\DailyMutualFundNAVMicroservice
INFO  10:03:47  07:11:2020 Content root path: C:\Users\Kanika\source\repos\DailyMutualFundNAVMicroservice
INFO  10:03:49  07:11:2020 MutualFundController HttpGet GetMutualFundDetailsByName and Axis Liquid Fund is searched
INFO  10:03:49  07:11:2020 MutualFundNAVController Invalid MutualFund Name 
INFO  12:49:27  07:11:2020 Application started. Press Ctrl+C to shut down.
INFO  12:49:27  07:11:2020 Application started. Press Ctrl+C to shut down.
INFO  12:49:27  07:11:2020 Hosting environment: Development
INFO  12:49:27  07:11:2020 Hosting environment: Development
INFO  12:49:27  07:11:2020 Content root path: C:\Users\Kanika\source\repos\DailyMutualFundNAVMicroservice
INFO  12:49:27  07:11:2020 Content root path: C:\Users\Kanika\source\repos\DailyMutualFundNAVMicroservice
INFO  12:49:37  07:11:2020 MutualFundController HttpGet GetMutualFundDetailsByName and Axis Liquid Fund is searched
INFO  12:49:37  07:11:2020 MutualFundNAVController MutualFund Found
INFO  12:49:43  07:11:2020 MutualFundController HttpGet GetMutualFundDetailsByName and Axis Liquid Fund is searched
INFO  12:49:43  07:11:2020 MutualFundNAVController MutualFund Found
INFO  12:49:58  07:11:2020 MutualFundController HttpGet GetMutualFundDetailsByName and Axis Liquid Fund is searched
INFO  12:49:58  07:11:2020 MutualFundNAVController MutualFund Found
INFO  12:50:08  07:11:2020 MutualFundController HttpGet GetMutualFundDetailsByName and abc is searched
INFO  12:50:08  07:11:2020 Entered Invalid MutualFund Name 
INFO  01:01:18  07:11:2020 Application started. Press Ctrl+C to shut down.
INFO  01:01:18  07:11:2020 Application started. Press Ctrl+C to shut down.
INFO  01:01:18  07:11:2020 Hosting environment: Development
INFO  01:01:18  07:11:2020 Hosting environment: Development
INFO  01:01:18  07:11:2020 Content root path: C:\Users\Kanika\source\repos\DailyMutualFundNAVMicroservice
INFO  01:01:18  07:11:2020 Content root path: C:\Users\Kanika\source\repos\DailyMutualFundNAVMicroservice
INFO  01:01:54  07:11:2020 MutualFund Null Name
INFO  01:02:01  07:11:2020 MutualFund Null Name
INFO  01:02:24  07:11:2020 MutualFund Null Name
INFO  01:02:35  07:11:2020 MutualFund Null Name
INFO  01:03:05  07:11:2020 MutualFund Null Name
INFO  01:03:07  07:11:2020 MutualFund Null Name
INFO  01:04:30  07:11:2020 Application started. Press Ctrl+C to shut down.
INFO  01:04:30  07:11:2020 Application started. Press Ctrl+C to shut down.
INFO  01:04:30  07:11:2020 Hosting environment: Development
INFO  01:04:30  07:11:2020 Hosting environment: Development
INFO  01:04:30  07:11:2020 Content root path: C:\Users\Kanika\source\repos\DailyMutualFundNAVMicroservice
INFO  01:04:30  07:11:2020 Content root path: C:\Users\Kanika\source\repos\DailyMutualFundNAVMicroservice
INFO  01:06:03  07:11:2020 Application started. Press Ctrl+C to shut down.
INFO  01:06:03  07:11:2020 Application started. Press Ctrl+C to shut down.
INFO  01:06:03  07:11:2020 Hosting environment: Development
INFO  01:06:03  07:11:2020 Hosting environment: Development
INFO  01:06:03  07:11:2020 Content root path: C:\Users\Kanika\source\repos\DailyMutualFundNAVMicroservice
INFO  01:06:03  07:11:2020 Content root path: C:\Users\Kanika\source\repos\DailyMutualFundNAVMicroservice
INFO  01:06:37  07:11:2020 HttpGet GetMutualFundDetailsByName and Axis Liquid Fund is searched
INFO  01:06:37  07:11:2020 MutualFund Found
INFO  01:06:52  07:11:2020 HttpGet GetMutualFundDetailsByName and tata equity Pe Fund is searched
INFO  01:06:52  07:11:2020 MutualFund Found
INFO  01:07:03  07:11:2020 HttpGet GetMutualFundDetailsByName and sbi nifty fund is searched
INFO  01:07:03  07:11:2020 Entered Invalid MutualFund Name 
INFO  01:07:27  07:11:2020 HttpGet GetMutualFundDetailsByName and sbi nifty index fund is searched
INFO  01:07:27  07:11:2020 MutualFund Found
INFO  01:07:46  07:11:2020 HttpGet GetMutualFundDetailsByName and abc is searched
INFO  01:07:46  07:11:2020 Entered Invalid MutualFund Name 
INFO  01:17:39  07:11:2020 Application started. Press Ctrl+C to shut down.
INFO  01:17:40  07:11:2020 Application started. Press Ctrl+C to shut down.
INFO  01:17:40  07:11:2020 Hosting environment: Development
INFO  01:17:40  07:11:2020 Hosting environment: Development
INFO  01:17:40  07:11:2020 Content root path: C:\Users\Kanika\source\repos\DailyMutualFundNAVMicroservice
INFO  01:17:40  07:11:2020 Content root path: C:\Users\Kanika\source\repos\DailyMutualFundNAVMicroservice
INFO  01:18:18  07:11:2020 HttpGet GetMutualFundDetailsByName and Axis Liquid Fund is searched
INFO  01:18:18  07:11:2020 Mutual Fund Found
INFO  01:18:18  07:11:2020 MutualFund Found
INFO  01:18:36  07:11:2020 HttpGet GetMutualFundDetailsByName and abc is searched
INFO  01:18:36  07:11:2020 Mutual Fund Found
INFO  01:18:36  07:11:2020 Entered Invalid MutualFund Name 
INFO  01:21:38  07:11:2020 Application started. Press Ctrl+C to shut down.
INFO  01:21:38  07:11:2020 Application started. Press Ctrl+C to shut down.
INFO  01:21:38  07:11:2020 Hosting environment: Development
INFO  01:21:38  07:11:2020 Hosting environment: Development
INFO  01:21:38  07:11:2020 Content root path: C:\Users\Kanika\source\repos\DailyMutualFundNAVMicroservice
INFO  01:21:38  07:11:2020 Content root path: C:\Users\Kanika\source\repos\DailyMutualFundNAVMicroservice
INFO  01:22:04  07:11:2020 HttpGet GetMutualFundDetailsByName and Axis Liquid Fund is searched
INFO  01:22:04  07:11:2020 Mutual Fund Found
INFO  01:22:04  07:11:2020 Entered MutualFund Found
INFO  01:23:43  07:11:2020 Application started. Press Ctrl+C to shut down.
INFO  01:23:43  07:11:2020 Application started. Press Ctrl+C to shut down.
INFO  01:23:43  07:11:2020 Hosting environment: Development
INFO  01:23:43  07:11:2020 Hosting environment: Development
INFO  01:23:43  07:11:2020 Content root path: C:\Users\Kanika\source\repos\DailyMutualFundNAVMicroservice
INFO  01:23:43  07:11:2020 Content root path: C:\Users\Kanika\source\repos\DailyMutualFundNAVMicroservice
INFO  01:23:47  07:11:2020 HttpGet GetMutualFundDetailsByName and Axis Liquid Fund is searched
INFO  01:23:47  07:11:2020 Mutual Fund Found
INFO  01:23:47  07:11:2020 Entered MutualFund Found
INFO  01:23:50  07:11:2020 HttpGet GetMutualFundDetailsByName and Axis Liquid is searched
INFO  01:23:50  07:11:2020 Mutual Fund Found
INFO  01:23:50  07:11:2020 Entered Invalid MutualFund Name 
INFO  01:30:15  07:11:2020 Application started. Press Ctrl+C to shut down.
INFO  01:30:15  07:11:2020 Application started. Press Ctrl+C to shut down.
INFO  01:30:15  07:11:2020 Hosting environment: Development
INFO  01:30:15  07:11:2020 Hosting environment: Development
INFO  01:30:15  07:11:2020 Content root path: C:\Users\Kanika\source\repos\DailyMutualFundNAVMicroservice
INFO  01:30:15  07:11:2020 Content root path: C:\Users\Kanika\source\repos\DailyMutualFundNAVMicroservice
INFO  01:30:20  07:11:2020 HttpGet GetMutualFundDetailsByName and Axis Liquid Fund is searched
INFO  01:30:20  07:11:2020 AXIS LIQUID FUNDis searched
INFO  01:30:20  07:11:2020 AXIS LIQUID FUNDis found
INFO  01:30:20  07:11:2020 Entered MutualFund Found
INFO  01:31:19  07:11:2020 Application started. Press Ctrl+C to shut down.
INFO  01:31:19  07:11:2020 Application started. Press Ctrl+C to shut down.
INFO  01:31:19  07:11:2020 Hosting environment: Development
INFO  01:31:19  07:11:2020 Hosting environment: Development
INFO  01:31:19  07:11:2020 Content root path: C:\Users\Kanika\source\repos\DailyMutualFundNAVMicroservice
INFO  01:31:19  07:11:2020 Content root path: C:\Users\Kanika\source\repos\DailyMutualFundNAVMicroservice
INFO  01:31:26  07:11:2020 HttpGet GetMutualFundDetailsByName and tata equity pe fund is searched
INFO  01:31:26  07:11:2020 TATA EQUITY PE FUNDis searched
INFO  01:31:26  07:11:2020 TATA EQUITY PE FUND is found
INFO  01:31:26  07:11:2020 Entered MutualFund Found
INFO  01:31:57  07:11:2020 HttpGet GetMutualFundDetailsByName and tata equity is searched
INFO  01:31:57  07:11:2020 TATA EQUITYis searched
INFO  01:31:57  07:11:2020 TATA EQUITY is invalid
INFO  01:31:57  07:11:2020 Entered Invalid MutualFund Name 
INFO  01:52:46  07:11:2020 Application started. Press Ctrl+C to shut down.
INFO  01:52:47  07:11:2020 Application started. Press Ctrl+C to shut down.
INFO  01:52:47  07:11:2020 Hosting environment: Development
INFO  01:52:47  07:11:2020 Hosting environment: Development
INFO  01:52:47  07:11:2020 Content root path: C:\Users\Kanika\source\repos\DailyMutualFundNAVMicroservice
INFO  01:52:47  07:11:2020 Content root path: C:\Users\Kanika\source\repos\DailyMutualFundNAVMicroservice
INFO  01:53:08  07:11:2020 HttpGet GetMutualFundDetailsByName and Axis Liquid Fund is searched
INFO  01:53:08  07:11:2020 In MutualFundProvider, MutualFundNAVControlled has Called GetMutualFundByNameProvider and Axis Liquid Fund is searched
INFO  01:53:08  07:11:2020 In MutualFundRepository, MutualFundProvider has Called GetMutualFundByNameRepository and Axis Liquid Fund is searched
INFO  01:53:08  07:11:2020 Entered MutualFund Found
INFO  01:54:00  07:11:2020 HttpGet GetMutualFundDetailsByName and Axis Liqui is searched
INFO  01:54:00  07:11:2020 In MutualFundProvider, MutualFundNAVControlled has Called GetMutualFundByNameProvider and Axis Liqui is searched
INFO  01:54:00  07:11:2020 In MutualFundRepository, MutualFundProvider has Called GetMutualFundByNameRepository and Axis Liqui is searched
INFO  01:54:00  07:11:2020 Entered Invalid MutualFund Name 
INFO  01:57:46  07:11:2020 Application started. Press Ctrl+C to shut down.
INFO  01:57:46  07:11:2020 Application started. Press Ctrl+C to shut down.
INFO  01:57:46  07:11:2020 Hosting environment: Development
INFO  01:57:46  07:11:2020 Hosting environment: Development
INFO  01:57:46  07:11:2020 Content root path: C:\Users\Kanika\source\repos\DailyMutualFundNAVMicroservice
INFO  01:57:46  07:11:2020 Content root path: C:\Users\Kanika\source\repos\DailyMutualFundNAVMicroservice
INFO  01:57:54  07:11:2020 In MutualFundNAV Controller, Axis Liquid Fund is searched
INFO  01:57:54  07:11:2020 In MutualFundProvider, MutualFundNAVController has Called GetMutualFundByNameProvider and Axis Liquid Fund is searched
INFO  01:57:54  07:11:2020 In MutualFundRepository, MutualFundProvider has Called GetMutualFundByNameRepository and Axis Liquid Fund is searched
INFO  01:57:54  07:11:2020 Entered MutualFund Found
INFO  01:57:58  07:11:2020 In MutualFundNAV Controller, Axis is searched
INFO  01:57:58  07:11:2020 In MutualFundProvider, MutualFundNAVController has Called GetMutualFundByNameProvider and Axis is searched
INFO  01:57:58  07:11:2020 In MutualFundRepository, MutualFundProvider has Called GetMutualFundByNameRepository and Axis is searched
INFO  01:57:58  07:11:2020 Entered Invalid MutualFund Name 
INFO  02:00:12  07:11:2020 Application started. Press Ctrl+C to shut down.
INFO  02:00:12  07:11:2020 Application started. Press Ctrl+C to shut down.
INFO  02:00:12  07:11:2020 Hosting environment: Development
INFO  02:00:12  07:11:2020 Hosting environment: Development
INFO  02:00:12  07:11:2020 Content root path: C:\Users\Kanika\source\repos\DailyMutualFundNAVMicroservice
INFO  02:00:12  07:11:2020 Content root path: C:\Users\Kanika\source\repos\DailyMutualFundNAVMicroservice
INFO  02:00:16  07:11:2020 In MutualFundNAV Controller, Axis Liquid Fund is searched
INFO  02:00:16  07:11:2020 In MutualFundProvider, MutualFundNAVController has Called GetMutualFundByNameProvider and Axis Liquid Fund is searched
INFO  02:00:16  07:11:2020 In MutualFundRepository, MutualFundProvider has Called GetMutualFundByNameRepository and Axis Liquid Fund is searched
INFO  02:00:16  07:11:2020 Axis Liquid Fund MutualFund Found
INFO  02:00:23  07:11:2020 In MutualFundNAV Controller, Axis is searched
INFO  02:00:23  07:11:2020 In MutualFundProvider, MutualFundNAVController has Called GetMutualFundByNameProvider and Axis is searched
INFO  02:00:23  07:11:2020 In MutualFundRepository, MutualFundProvider has Called GetMutualFundByNameRepository and Axis is searched
INFO  02:00:23  07:11:2020 Axis is invalid MutualFund
INFO  02:50:24  07:11:2020 Application started. Press Ctrl+C to shut down.
INFO  02:50:24  07:11:2020 Application started. Press Ctrl+C to shut down.
INFO  02:50:24  07:11:2020 Hosting environment: Development
INFO  02:50:24  07:11:2020 Hosting environment: Development
INFO  02:50:24  07:11:2020 Content root path: C:\Users\Kanika\source\repos\DailyMutualFundNAVMicroservice
INFO  02:50:24  07:11:2020 Content root path: C:\Users\Kanika\source\repos\DailyMutualFundNAVMicroservice
INFO  02:50:48  07:11:2020 In MutualFundNAV Controller, Axis Liquid Fund is searched
INFO  02:50:48  07:11:2020 In MutualFundProvider, MutualFundNAVController has Called GetMutualFundByNameProvider and Axis Liquid Fund is searched
INFO  02:50:48  07:11:2020 In MutualFundRepository, MutualFundProvider has Called GetMutualFundByNameRepository and Axis Liquid Fund is searched
INFO  02:50:48  07:11:2020 Axis Liquid Fund MutualFund Found.
INFO  02:50:55  07:11:2020 In MutualFundNAV Controller, Axis is searched
INFO  02:50:55  07:11:2020 In MutualFundProvider, MutualFundNAVController has Called GetMutualFundByNameProvider and Axis is searched
INFO  02:50:55  07:11:2020 In MutualFundRepository, MutualFundProvider has Called GetMutualFundByNameRepository and Axis is searched
INFO  02:50:55  07:11:2020 Axis is invalid MutualFund.
INFO  02:50:58  07:11:2020 In MutualFundNAV Controller, Axis is searched
INFO  02:50:58  07:11:2020 In MutualFundProvider, MutualFundNAVController has Called GetMutualFundByNameProvider and Axis is searched
INFO  02:50:58  07:11:2020 In MutualFundRepository, MutualFundProvider has Called GetMutualFundByNameRepository and Axis is searched
INFO  02:50:58  07:11:2020 Axis is invalid MutualFund.
INFO  02:51:27  07:11:2020 In MutualFundNAV Controller, index.html is searched
INFO  02:51:27  07:11:2020 In MutualFundProvider, MutualFundNAVController has Called GetMutualFundByNameProvider and index.html is searched
INFO  02:51:27  07:11:2020 In MutualFundRepository, MutualFundProvider has Called GetMutualFundByNameRepository and index.html is searched
INFO  02:51:27  07:11:2020 index.html is invalid MutualFund.
INFO  02:52:16  07:11:2020 In MutualFundNAV Controller, Axis is searched
INFO  02:52:16  07:11:2020 In MutualFundProvider, MutualFundNAVController has Called GetMutualFundByNameProvider and Axis is searched
INFO  02:52:16  07:11:2020 In MutualFundRepository, MutualFundProvider has Called GetMutualFundByNameRepository and Axis is searched
INFO  02:52:16  07:11:2020 Axis is invalid MutualFund.
INFO  02:52:29  07:11:2020 In MutualFundNAV Controller, Axis liquid fund is searched
INFO  02:52:29  07:11:2020 In MutualFundProvider, MutualFundNAVController has Called GetMutualFundByNameProvider and Axis liquid fund is searched
INFO  02:52:29  07:11:2020 In MutualFundRepository, MutualFundProvider has Called GetMutualFundByNameRepository and Axis liquid fund is searched
INFO  02:52:29  07:11:2020 Axis liquid fund MutualFund Found.
INFO  02:52:40  07:11:2020 In MutualFundNAV Controller, tata equity pe fund is searched
INFO  02:52:40  07:11:2020 In MutualFundProvider, MutualFundNAVController has Called GetMutualFundByNameProvider and tata equity pe fund is searched
INFO  02:52:40  07:11:2020 In MutualFundRepository, MutualFundProvider has Called GetMutualFundByNameRepository and tata equity pe fund is searched
INFO  02:52:40  07:11:2020 tata equity pe fund MutualFund Found.
INFO  03:05:30  07:11:2020 Application started. Press Ctrl+C to shut down.
INFO  03:05:30  07:11:2020 Application started. Press Ctrl+C to shut down.
INFO  03:05:30  07:11:2020 Hosting environment: Development
INFO  03:05:30  07:11:2020 Hosting environment: Development
INFO  03:05:30  07:11:2020 Content root path: C:\Users\Kanika\source\repos\DailyMutualFundNAVMicroservice
INFO  03:05:30  07:11:2020 Content root path: C:\Users\Kanika\source\repos\DailyMutualFundNAVMicroservice
INFO  03:05:31  07:11:2020 In MutualFundNAV Controller, Axis Liquid Fund is searched
INFO  03:05:31  07:11:2020 In MutualFundProvider, MutualFundNAVController has Called GetMutualFundByNameProvider and Axis Liquid Fund is searched
INFO  03:05:31  07:11:2020 In MutualFundRepository, MutualFundProvider has Called GetMutualFundByNameRepository and Axis Liquid Fund is searched
INFO  03:05:31  07:11:2020 Axis Liquid Fund MutualFund Found.
INFO  03:18:29  07:11:2020 Application started. Press Ctrl+C to shut down.
INFO  03:18:29  07:11:2020 Application started. Press Ctrl+C to shut down.
INFO  03:18:29  07:11:2020 Hosting environment: Development
INFO  03:18:29  07:11:2020 Hosting environment: Development
INFO  03:18:29  07:11:2020 Content root path: C:\Users\Kanika\source\repos\DailyMutualFundNAVMicroservice
INFO  03:18:29  07:11:2020 Content root path: C:\Users\Kanika\source\repos\DailyMutualFundNAVMicroservice
INFO  03:18:33  07:11:2020 MutualFundNAVController Initiated
INFO  03:18:33  07:11:2020 In MutualFundNAV Controller, Axis Liquid Fund is searched
INFO  03:18:33  07:11:2020 In MutualFundProvider, MutualFundNAVController has Called GetMutualFundByNameProvider and Axis Liquid Fund is searched
INFO  03:18:33  07:11:2020 In MutualFundRepository, MutualFundProvider has Called GetMutualFundByNameRepository and Axis Liquid Fund is searched
INFO  03:18:33  07:11:2020 Axis Liquid Fund MutualFund Found.
INFO  03:31:27  07:11:2020 Application started. Press Ctrl+C to shut down.
INFO  03:31:27  07:11:2020 Application started. Press Ctrl+C to shut down.
INFO  03:31:27  07:11:2020 Hosting environment: Development
INFO  03:31:27  07:11:2020 Hosting environment: Development
INFO  03:31:27  07:11:2020 Content root path: C:\Users\Kanika\source\repos\DailyMutualFundNAVMicroservice
INFO  03:31:27  07:11:2020 Content root path: C:\Users\Kanika\source\repos\DailyMutualFundNAVMicroservice
INFO  03:31:27  07:11:2020 MutualFundNAVController Initiated
INFO  03:31:27  07:11:2020 In MutualFundNAV Controller, Axis Liquid Fund is searched
INFO  03:31:27  07:11:2020 In MutualFundProvider, MutualFundNAVController has Called GetMutualFundByNameProvider and Axis Liquid Fund is searched
INFO  03:31:30  07:11:2020 MutualFundNAVController Initiated
INFO  03:31:30  07:11:2020 In MutualFundNAV Controller, Axis Liquid Fund is searched
INFO  03:31:30  07:11:2020 In MutualFundProvider, MutualFundNAVController has Called GetMutualFundByNameProvider and Axis Liquid Fund is searched
INFO  03:31:30  07:11:2020 In MutualFundRepository, MutualFundProvider has Called GetMutualFundByNameRepository and Axis Liquid Fund is searched
INFO  03:31:30  07:11:2020 In MutualFundRepository, MutualFundProvider has Called GetMutualFundByNameRepository and Axis Liquid Fund is searched
INFO  03:31:31  07:11:2020 Mutual Fund Found {"MutualFundId":3,"MutualFundName":"AXIS LIQUID FUND","MutualFundValue":2244.45}
INFO  03:31:31  07:11:2020 Axis Liquid Fund MutualFund Found.
INFO  03:31:31  07:11:2020 Mutual Fund Found {"MutualFundId":3,"MutualFundName":"AXIS LIQUID FUND","MutualFundValue":2244.45}
INFO  03:31:31  07:11:2020 Axis Liquid Fund MutualFund Found.
INFO  03:33:18  07:11:2020 MutualFundNAVController Initiated
INFO  03:33:18  07:11:2020 In MutualFundNAV Controller, tata equity pe fund is searched
INFO  03:33:18  07:11:2020 In MutualFundProvider, MutualFundNAVController has Called GetMutualFundByNameProvider and tata equity pe fund is searched
INFO  03:33:18  07:11:2020 In MutualFundRepository, MutualFundProvider has Called GetMutualFundByNameRepository and tata equity pe fund is searched
INFO  03:33:18  07:11:2020 Mutual Fund Found {"MutualFundId":1,"MutualFundName":"TATA EQUITY PE FUND","MutualFundValue":135.84}
INFO  03:33:18  07:11:2020 tata equity pe fund MutualFund Found.
INFO  04:38:20  07:11:2020 Application started. Press Ctrl+C to shut down.
INFO  04:38:20  07:11:2020 Application started. Press Ctrl+C to shut down.
INFO  04:38:20  07:11:2020 Hosting environment: Development
INFO  04:38:20  07:11:2020 Hosting environment: Development
INFO  04:38:20  07:11:2020 Content root path: C:\Users\Kanika\source\repos\DailyMutualFundNAVMicroservice
INFO  04:38:20  07:11:2020 Content root path: C:\Users\Kanika\source\repos\DailyMutualFundNAVMicroservice
INFO  05:14:06  07:11:2020 Application started. Press Ctrl+C to shut down.
INFO  05:14:06  07:11:2020 Application started. Press Ctrl+C to shut down.
INFO  05:14:06  07:11:2020 Hosting environment: Development
INFO  05:14:06  07:11:2020 Hosting environment: Development
INFO  05:14:06  07:11:2020 Content root path: C:\Users\Kanika\source\repos\CDE-Portfolio Management\DailyMutualFundNAVMicroservice
INFO  05:14:06  07:11:2020 Content root path: C:\Users\Kanika\source\repos\CDE-Portfolio Management\DailyMutualFundNAVMicroservice
INFO  05:14:23  07:11:2020 MutualFundNAVController Initiated
INFO  05:14:23  07:11:2020 In MutualFundNAV Controller, Udaan is searched
INFO  05:14:23  07:11:2020 In MutualFundProvider, MutualFundNAVController has Called GetMutualFundByNameProvider and Udaan is searched
INFO  05:14:23  07:11:2020 In MutualFundRepository, MutualFundProvider has Called GetMutualFundByNameRepository and Udaan is searched
INFO  05:14:24  07:11:2020 Mutual Fund Found {"MutualFundId":1,"MutualFundName":"UDAAN","MutualFundValue":135.84}
INFO  05:14:24  07:11:2020 Udaan MutualFund Found.
INFO  05:14:35  07:11:2020 MutualFundNAVController Initiated
INFO  05:14:35  07:11:2020 In MutualFundNAV Controller, Viva is searched
INFO  05:14:35  07:11:2020 In MutualFundProvider, MutualFundNAVController has Called GetMutualFundByNameProvider and Viva is searched
INFO  05:14:35  07:11:2020 In MutualFundRepository, MutualFundProvider has Called GetMutualFundByNameRepository and Viva is searched
INFO  05:14:35  07:11:2020 Mutual Fund Found {"MutualFundId":2,"MutualFundName":"VIVA","MutualFundValue":100.14}
INFO  05:14:35  07:11:2020 Viva MutualFund Found.
INFO  05:14:45  07:11:2020 MutualFundNAVController Initiated
INFO  05:14:45  07:11:2020 In MutualFundNAV Controller, tata is searched
INFO  05:14:45  07:11:2020 In MutualFundProvider, MutualFundNAVController has Called GetMutualFundByNameProvider and tata is searched
INFO  05:14:45  07:11:2020 In MutualFundRepository, MutualFundProvider has Called GetMutualFundByNameRepository and tata is searched
INFO  05:14:45  07:11:2020 In MutualFundRepository, MutualFund tata is not found.
INFO  05:14:45  07:11:2020 tata is invalid MutualFund.
