INFO  10:46:13 Application started. Press Ctrl+C to shut down.
INFO  10:46:13 Application started. Press Ctrl+C to shut down.
INFO  10:46:13 Hosting environment: Development
INFO  10:46:13 Hosting environment: Development
INFO  10:46:13 Content root path: C:\Users\ACER\source\repos\AuthorizationApi1
INFO  10:46:13 Content root path: C:\Users\ACER\source\repos\AuthorizationApi1
INFO  10:46:31 Token review
INFO  01:53:13 Application started. Press Ctrl+C to shut down.
INFO  01:53:13 Application started. Press Ctrl+C to shut down.
INFO  01:53:13 Hosting environment: Development
INFO  01:53:13 Hosting environment: Development
INFO  01:53:13 Content root path: C:\Users\ACER\source\repos\AuthorizationApi1
INFO  01:53:13 Content root path: C:\Users\ACER\source\repos\AuthorizationApi1
INFO  01:53:42 Token review
INFO  01:54:10 Token review
INFO  03:55:36 Application started. Press Ctrl+C to shut down.
INFO  03:55:36 Application started. Press Ctrl+C to shut down.
INFO  03:55:36 Hosting environment: Development
INFO  03:55:36 Hosting environment: Development
INFO  03:55:36 Content root path: C:\Users\ACER\source\repos\AuthorizationApi1
INFO  03:55:36 Content root path: C:\Users\ACER\source\repos\AuthorizationApi1
INFO  03:55:56 Token review
INFO  11:31:13 Application started. Press Ctrl+C to shut down.
INFO  11:31:13 Application started. Press Ctrl+C to shut down.
INFO  11:31:13 Hosting environment: Development
INFO  11:31:13 Hosting environment: Development
INFO  11:31:13 Content root path: C:\Users\ACER\source\repos\AuthorizationApi1
INFO  11:31:13 Content root path: C:\Users\ACER\source\repos\AuthorizationApi1
INFO  01:12:20 Application started. Press Ctrl+C to shut down.
INFO  01:12:20 Application started. Press Ctrl+C to shut down.
INFO  01:12:20 Hosting environment: Development
INFO  01:12:20 Hosting environment: Development
INFO  01:12:20 Content root path: C:\Users\ACER\source\repos\AuthorizationApi1
INFO  01:12:20 Content root path: C:\Users\ACER\source\repos\AuthorizationApi1
INFO  01:12:44 AuthenticateUser Initiated
INFO  01:12:44 Not an authenticated user
INFO  01:13:16 AuthenticateUser Initiated
INFO  01:13:17 Authenticated user
INFO  03:09:01 Application started. Press Ctrl+C to shut down.
INFO  03:09:01 Application started. Press Ctrl+C to shut down.
INFO  03:09:01 Hosting environment: Development
INFO  03:09:01 Hosting environment: Development
INFO  03:09:01 Content root path: C:\Users\ACER\source\repos\AuthorizationApi1
INFO  03:09:01 Content root path: C:\Users\ACER\source\repos\AuthorizationApi1
INFO  03:19:17 Application started. Press Ctrl+C to shut down.
INFO  03:19:17 Application started. Press Ctrl+C to shut down.
INFO  03:19:17 Hosting environment: Development
INFO  03:19:17 Hosting environment: Development
INFO  03:19:17 Content root path: C:\Users\ACER\source\repos\AuthorizationApi1
INFO  03:19:17 Content root path: C:\Users\ACER\source\repos\AuthorizationApi1
INFO  03:22:48 Application started. Press Ctrl+C to shut down.
INFO  03:22:48 Application started. Press Ctrl+C to shut down.
INFO  03:22:48 Hosting environment: Development
INFO  03:22:48 Hosting environment: Development
INFO  03:22:48 Content root path: C:\Users\ACER\source\repos\AuthorizationApi1
INFO  03:22:48 Content root path: C:\Users\ACER\source\repos\AuthorizationApi1
INFO  03:23:30 Application started. Press Ctrl+C to shut down.
INFO  03:23:30 Application started. Press Ctrl+C to shut down.
INFO  03:23:30 Hosting environment: Development
INFO  03:23:30 Hosting environment: Development
INFO  03:23:30 Content root path: C:\Users\ACER\source\repos\AuthorizationApi1
INFO  03:23:30 Content root path: C:\Users\ACER\source\repos\AuthorizationApi1
INFO  03:27:24 Application started. Press Ctrl+C to shut down.
INFO  03:27:24 Application started. Press Ctrl+C to shut down.
INFO  03:27:24 Hosting environment: Development
INFO  03:27:24 Hosting environment: Development
INFO  03:27:24 Content root path: C:\Users\ACER\source\repos\AuthorizationApi1
INFO  03:27:24 Content root path: C:\Users\ACER\source\repos\AuthorizationApi1
INFO  03:34:10 Application started. Press Ctrl+C to shut down.
INFO  03:34:10 Application started. Press Ctrl+C to shut down.
INFO  03:34:10 Hosting environment: Development
INFO  03:34:10 Hosting environment: Development
INFO  03:34:10 Content root path: C:\Users\ACER\source\repos\AuthorizationApi1
INFO  03:34:10 Content root path: C:\Users\ACER\source\repos\AuthorizationApi1
INFO  03:50:05 Application started. Press Ctrl+C to shut down.
INFO  03:50:05 Application started. Press Ctrl+C to shut down.
INFO  03:50:05 Hosting environment: Development
INFO  03:50:05 Hosting environment: Development
INFO  03:50:05 Content root path: C:\Users\ACER\source\repos\AuthorizationApi1
INFO  03:50:05 Content root path: C:\Users\ACER\source\repos\AuthorizationApi1
INFO  03:52:56 Application started. Press Ctrl+C to shut down.
INFO  03:52:56 Application started. Press Ctrl+C to shut down.
INFO  03:52:56 Hosting environment: Development
INFO  03:52:56 Hosting environment: Development
INFO  03:52:56 Content root path: C:\Users\ACER\source\repos\AuthorizationApi1
INFO  03:52:56 Content root path: C:\Users\ACER\source\repos\AuthorizationApi1
INFO  04:11:54 Application started. Press Ctrl+C to shut down.
INFO  04:11:54 Application started. Press Ctrl+C to shut down.
INFO  04:11:54 Hosting environment: Development
INFO  04:11:54 Hosting environment: Development
INFO  04:11:55 Content root path: C:\Users\ACER\source\repos\AuthorizationApi1
INFO  04:11:55 Content root path: C:\Users\ACER\source\repos\AuthorizationApi1
INFO  04:18:18 Application started. Press Ctrl+C to shut down.
INFO  04:18:18 Application started. Press Ctrl+C to shut down.
INFO  04:18:18 Hosting environment: Development
INFO  04:18:18 Hosting environment: Development
INFO  04:18:18 Content root path: C:\Users\ACER\source\repos\AuthorizationApi1
INFO  04:18:18 Content root path: C:\Users\ACER\source\repos\AuthorizationApi1
INFO  04:32:45 Application started. Press Ctrl+C to shut down.
INFO  04:32:45 Application started. Press Ctrl+C to shut down.
INFO  04:32:45 Hosting environment: Development
INFO  04:32:45 Hosting environment: Development
INFO  04:32:45 Content root path: C:\Users\ACER\source\repos\AuthorizationApi1
INFO  04:32:45 Content root path: C:\Users\ACER\source\repos\AuthorizationApi1
INFO  10:25:02 Application started. Press Ctrl+C to shut down.
INFO  10:25:02 Application started. Press Ctrl+C to shut down.
INFO  10:25:02 Hosting environment: Development
INFO  10:25:02 Hosting environment: Development
INFO  10:25:02 Content root path: C:\Users\ACER\source\repos\AuthorizationApi1
INFO  10:25:02 Content root path: C:\Users\ACER\source\repos\AuthorizationApi1
INFO  10:33:02 Application started. Press Ctrl+C to shut down.
INFO  10:33:02 Application started. Press Ctrl+C to shut down.
INFO  10:33:02 Hosting environment: Development
INFO  10:33:02 Hosting environment: Development
INFO  10:33:02 Content root path: C:\Users\ACER\source\repos\AuthorizationApi1
INFO  10:33:02 Content root path: C:\Users\ACER\source\repos\AuthorizationApi1
INFO  10:54:33 Application started. Press Ctrl+C to shut down.
INFO  10:54:33 Application started. Press Ctrl+C to shut down.
INFO  10:54:33 Hosting environment: Development
INFO  10:54:33 Hosting environment: Development
INFO  10:54:33 Content root path: C:\Users\ACER\source\repos\AuthorizationApi1
INFO  10:54:33 Content root path: C:\Users\ACER\source\repos\AuthorizationApi1
INFO  10:57:23 Application started. Press Ctrl+C to shut down.
INFO  10:57:23 Application started. Press Ctrl+C to shut down.
INFO  10:57:23 Hosting environment: Development
INFO  10:57:23 Hosting environment: Development
INFO  10:57:23 Content root path: C:\Users\ACER\source\repos\AuthorizationApi1
INFO  10:57:23 Content root path: C:\Users\ACER\source\repos\AuthorizationApi1
INFO  09:16:31 Application started. Press Ctrl+C to shut down.
INFO  09:16:31 Application started. Press Ctrl+C to shut down.
INFO  09:16:31 Hosting environment: Development
INFO  09:16:31 Hosting environment: Development
INFO  09:16:31 Content root path: C:\Users\ACER\source\repos\AuthorizationApi1
INFO  09:16:31 Content root path: C:\Users\ACER\source\repos\AuthorizationApi1
INFO  10:01:05 Application started. Press Ctrl+C to shut down.
INFO  10:01:05 Application started. Press Ctrl+C to shut down.
INFO  10:01:05 Hosting environment: Development
INFO  10:01:05 Hosting environment: Development
INFO  10:01:05 Content root path: C:\Users\ACER\source\repos\AuthorizationApi1
INFO  10:01:05 Content root path: C:\Users\ACER\source\repos\AuthorizationApi1
INFO  10:04:54 Application started. Press Ctrl+C to shut down.
INFO  10:04:54 Application started. Press Ctrl+C to shut down.
INFO  10:04:54 Hosting environment: Development
INFO  10:04:54 Hosting environment: Development
INFO  10:04:54 Content root path: C:\Users\ACER\source\repos\AuthorizationApi1
INFO  10:04:54 Content root path: C:\Users\ACER\source\repos\AuthorizationApi1
INFO  10:11:35 Application started. Press Ctrl+C to shut down.
INFO  10:11:35 Application started. Press Ctrl+C to shut down.
INFO  10:11:35 Hosting environment: Development
INFO  10:11:35 Hosting environment: Development
INFO  10:11:35 Content root path: C:\Users\ACER\source\repos\AuthorizationApi1
INFO  10:11:35 Content root path: C:\Users\ACER\source\repos\AuthorizationApi1
INFO  11:16:14 Application started. Press Ctrl+C to shut down.
INFO  11:16:14 Application started. Press Ctrl+C to shut down.
INFO  11:16:14 Hosting environment: Development
INFO  11:16:14 Hosting environment: Development
INFO  11:16:14 Content root path: C:\Users\ACER\source\repos\AuthorizationApi1
INFO  11:16:14 Content root path: C:\Users\ACER\source\repos\AuthorizationApi1
INFO  11:18:43 AuthController constructor initiated.
INFO  11:18:43 AuthController Login method initiated.
INFO  11:18:44 Token received.
INFO  11:18:44 Response is given user is authorized or unauthorized.
INFO  11:24:53 AuthController constructor initiated.
INFO  11:24:53 AuthController Login method initiated.
INFO  11:24:53 Token received.
INFO  11:24:53 Response is given user is authorized or unauthorized.
INFO  09:31:32 Application started. Press Ctrl+C to shut down.
INFO  09:31:32 Application started. Press Ctrl+C to shut down.
INFO  09:31:32 Hosting environment: Development
INFO  09:31:32 Hosting environment: Development
INFO  09:31:32 Content root path: C:\Users\ACER\source\repos\AuthorizationApi1
INFO  09:31:32 Content root path: C:\Users\ACER\source\repos\AuthorizationApi1
INFO  09:44:01 Application started. Press Ctrl+C to shut down.
INFO  09:44:01 Application started. Press Ctrl+C to shut down.
INFO  09:44:01 Hosting environment: Development
INFO  09:44:01 Hosting environment: Development
INFO  09:44:01 Content root path: C:\Users\ACER\source\repos\AuthorizationApi1
INFO  09:44:01 Content root path: C:\Users\ACER\source\repos\AuthorizationApi1
INFO  10:00:35 Application started. Press Ctrl+C to shut down.
INFO  10:00:35 Application started. Press Ctrl+C to shut down.
INFO  10:00:35 Hosting environment: Development
INFO  10:00:35 Hosting environment: Development
INFO  10:00:35 Content root path: C:\Users\ACER\source\repos\AuthorizationApi1
INFO  10:00:35 Content root path: C:\Users\ACER\source\repos\AuthorizationApi1
INFO  10:12:17 Application started. Press Ctrl+C to shut down.
INFO  10:12:17 Application started. Press Ctrl+C to shut down.
INFO  10:12:17 Hosting environment: Development
INFO  10:12:17 Hosting environment: Development
INFO  10:12:17 Content root path: C:\Users\ACER\source\repos\AuthorizationApi1
INFO  10:12:17 Content root path: C:\Users\ACER\source\repos\AuthorizationApi1
INFO  10:18:12 Application started. Press Ctrl+C to shut down.
INFO  10:18:12 Application started. Press Ctrl+C to shut down.
INFO  10:18:12 Hosting environment: Development
INFO  10:18:12 Hosting environment: Development
INFO  10:18:12 Content root path: C:\Users\ACER\source\repos\AuthorizationApi1
INFO  10:18:12 Content root path: C:\Users\ACER\source\repos\AuthorizationApi1
INFO  10:18:32 AuthController constructor initiated.
INFO  10:18:32 AuthController Login method initiated.
INFO  10:18:33 Token received.
INFO  10:18:33 Response is given user is authorized or unauthorized.
INFO  03:10:28 Application started. Press Ctrl+C to shut down.
INFO  03:10:28 Application started. Press Ctrl+C to shut down.
INFO  03:10:28 Hosting environment: Development
INFO  03:10:28 Hosting environment: Development
INFO  03:10:28 Content root path: C:\Users\ACER\source\repos\AuthorizationApi1
INFO  03:10:28 Content root path: C:\Users\ACER\source\repos\AuthorizationApi1
INFO  03:10:52 AuthenticationRepository constructor initiated.
INFO  03:10:52 AuthenticationProvider constructor initiated.
INFO  03:10:52 AuthController constructor initiated.
INFO  03:10:52 AuthController AuthenticateUser method initiated.
INFO  03:10:52 In Login method of Provider.
INFO  03:10:52 Repository Login method initiated
INFO  03:10:52 User Credentials are validated
INFO  03:10:52 Token generation started
INFO  03:10:52 Token generation completed
INFO  03:10:53 Token string is returned.
INFO  03:10:53 Token string is returned to Controller.
INFO  03:10:53 Token is received.
INFO  03:10:53 Response is given, user is authorized or unauthorized.
INFO  05:49:03 Application started. Press Ctrl+C to shut down.
INFO  05:49:03 Application started. Press Ctrl+C to shut down.
INFO  05:49:03 Hosting environment: Development
INFO  05:49:03 Hosting environment: Development
INFO  05:49:03 Content root path: C:\Users\ACER\source\repos\AuthorizationApi1
INFO  05:49:03 Content root path: C:\Users\ACER\source\repos\AuthorizationApi1
INFO  05:52:40 Application started. Press Ctrl+C to shut down.
INFO  05:52:40 Application started. Press Ctrl+C to shut down.
INFO  05:52:40 Hosting environment: Development
INFO  05:52:40 Hosting environment: Development
INFO  05:52:40 Content root path: C:\Users\ACER\source\repos\AuthorizationApi1
INFO  05:52:40 Content root path: C:\Users\ACER\source\repos\AuthorizationApi1
INFO  05:53:10 AuthenticationRepository constructor initiated.
INFO  05:53:10 AuthenticationProvider constructor initiated.
INFO  05:53:10 AuthController constructor initiated.
INFO  05:53:10 AuthController AuthenticateUser method initiated.
INFO  05:53:10 In Login method of Provider.
INFO  05:53:10 Repository Login method initiated
INFO  05:53:10 User Credentials are validated
INFO  05:53:10 Token generation started
INFO  05:53:10 Token generation completed
INFO  05:53:11 Token string is returned.
INFO  05:53:11 Token string is returned to Controller.
INFO  05:53:11 Token is received.
INFO  05:53:11 Response is given, user is authorized or unauthorized.
INFO  05:59:24 Application started. Press Ctrl+C to shut down.
INFO  05:59:24 Application started. Press Ctrl+C to shut down.
INFO  05:59:25 Hosting environment: Development
INFO  05:59:25 Hosting environment: Development
INFO  05:59:25 Content root path: C:\Users\ACER\source\repos\AuthorizationApi1
INFO  05:59:25 Content root path: C:\Users\ACER\source\repos\AuthorizationApi1
INFO  06:01:31 AuthenticationRepository constructor initiated.
INFO  06:01:31 AuthenticationProvider constructor initiated.
INFO  06:01:31 AuthController constructor initiated.
INFO  06:01:31 AuthController AuthenticateUser method initiated.
INFO  06:01:31 In Login method of Provider.
INFO  06:01:31 Repository Login method initiated
INFO  06:01:31 User Credentials are validated
INFO  06:01:31 Token generation started
INFO  06:01:31 Token generation completed
INFO  06:01:32 Token string is returned.
INFO  06:01:32 Token string is returned to Controller.
INFO  06:01:32 Token is received.
INFO  06:01:32 Response is given, user is authorized or unauthorized.
INFO  06:09:28 Application started. Press Ctrl+C to shut down.
INFO  06:09:28 Application started. Press Ctrl+C to shut down.
INFO  06:09:28 Hosting environment: Development
INFO  06:09:28 Hosting environment: Development
INFO  06:09:28 Content root path: C:\Users\ACER\source\repos\AuthorizationApi1
INFO  06:09:28 Content root path: C:\Users\ACER\source\repos\AuthorizationApi1
